<?xml version="1.0" encoding="UTF-8"?>
<testsuite xmlns:xsi="http://www.w3.org/2001/XMLSchema-instance" xsi:noNamespaceSchemaLocation="https://maven.apache.org/surefire/maven-surefire-plugin/xsd/surefire-test-report-3.0.xsd" version="3.0" name="TestSuite" time="23.171" tests="2" errors="0" skipped="0" failures="0">
  <properties>
[...]
</properties>
  <testcase name="logo_test" classname="testCases.TC001LandingPageLogoTest" time="1.189">
    <system-out><![CDATA[2025-01-23T17:47:17.882773800Z main INFO Starting configuration XmlConfiguration[location=D:\Debabrata Rout\Eclipse Workplace\MyProjectV001\target\test-classes\log4j2.xml, lastModified=2025-01-18T10:42:22.037Z]...
2025-01-23T17:47:17.884776600Z main INFO Start watching for changes to D:\Debabrata Rout\Eclipse Workplace\MyProjectV001\target\test-classes\log4j2.xml every 0 seconds
2025-01-23T17:47:17.885775900Z main INFO Configuration XmlConfiguration[location=D:\Debabrata Rout\Eclipse Workplace\MyProjectV001\target\test-classes\log4j2.xml, lastModified=2025-01-18T10:42:22.037Z] started.
2025-01-23T17:47:17.887780600Z main INFO Stopping configuration org.apache.logging.log4j.core.config.DefaultConfiguration@10163d6...
2025-01-23T17:47:17.887780600Z main INFO Configuration org.apache.logging.log4j.core.config.DefaultConfiguration@10163d6 stopped.
23:17:18.660 [main] INFO  testCases.TC001LandingPageLogoTest - ****Open Browser****
23:17:20.090 [main] INFO  testCases.TC001LandingPageLogoTest - ***Delete All Cookies***
23:17:21.272 [main] INFO  testCases.TC001LandingPageLogoTest - ***Launch the URL***
23:17:24.434 [main] INFO  testCases.TC001LandingPageLogoTest - ***Maximize the browser window***
23:17:24.528 [main] INFO  testCases.TC001LandingPageLogoTest - ***Validate the logo***
23:17:24.576 [main] INFO  testCases.TC001LandingPageLogoTest - ***click on the login link***
]]></system-out>
    <system-err><![CDATA[Jan 23, 2025 11:17:20 PM org.openqa.selenium.devtools.CdpVersionFinder findNearestMatch
WARNING: Unable to find CDP implementation matching 132
Jan 23, 2025 11:17:20 PM org.openqa.selenium.chromium.ChromiumDriver lambda$new$5
WARNING: Unable to find version of CDP to use for 132.0.6834.84. You may need to include a dependency on a specific version of the CDP using something similar to `org.seleniumhq.selenium:selenium-devtools-v86:4.23.1` where the version ("v86") matches the version of the chromium-based browser you're using and the version number of the artifact is the same as Selenium's.
]]></system-err>
  </testcase>
  <testcase name="loginTest" classname="testCases.TC002LoginTest" time="7.864">
    <system-out><![CDATA[23:17:25.683 [main] INFO  testCases.TC001LandingPageLogoTest - ***Close the browser***
23:17:25.850 [main] INFO  testCases.TC002LoginTest - ****Open Browser****
23:17:26.793 [main] INFO  testCases.TC002LoginTest - ***Delete All Cookies***
23:17:28.021 [main] INFO  testCases.TC002LoginTest - ***Launch the URL***
23:17:31.604 [main] INFO  testCases.TC002LoginTest - ***Maximize the browser window***
23:17:31.644 [main] INFO  testCases.TC002LoginTest - ***Click on Login link***
23:17:31.816 [main] INFO  testCases.TC002LoginTest - ***Clear user name field***
23:17:31.872 [main] INFO  testCases.TC002LoginTest - ***Add Username***
23:17:32.026 [main] INFO  testCases.TC002LoginTest - ***Clear password field***
23:17:32.093 [main] INFO  testCases.TC002LoginTest - ***Add Password***
23:17:32.142 [main] INFO  testCases.TC002LoginTest - ***Click on Login BTN***
23:17:38.320 [main] INFO  testCases.TC002LoginTest - ***Validate the username in the home page***
Debabrata1
23:17:38.351 [main] INFO  testCases.TC002LoginTest - ***Click on toggle user dropdown***
23:17:38.426 [main] INFO  testCases.TC002LoginTest - ***Click on logout button***
]]></system-out>
    <system-err><![CDATA[Jan 23, 2025 11:17:26 PM org.openqa.selenium.devtools.CdpVersionFinder findNearestMatch
WARNING: Unable to find CDP implementation matching 132
Jan 23, 2025 11:17:26 PM org.openqa.selenium.chromium.ChromiumDriver lambda$new$5
WARNING: Unable to find version of CDP to use for 132.0.6834.84. You may need to include a dependency on a specific version of the CDP using something similar to `org.seleniumhq.selenium:selenium-devtools-v86:4.23.1` where the version ("v86") matches the version of the chromium-based browser you're using and the version number of the artifact is the same as Selenium's.
]]></system-err>
  </testcase>
</testsuite>