<?xml version="1.0" encoding="UTF-8"?>
<testsuite xmlns:xsi="http://www.w3.org/2001/XMLSchema-instance" xsi:noNamespaceSchemaLocation="https://maven.apache.org/surefire/maven-surefire-plugin/xsd/surefire-test-report-3.0.xsd" version="3.0" name="TestSuite" time="26.867" tests="2" errors="0" skipped="0" failures="0">
  <properties>
[...]
</properties>
  <testcase name="logo_test" classname="testCases.TC001LandingPageLogoTest" time="1.248">
    <system-out><![CDATA[2025-01-28T02:52:49.338979900Z main INFO Starting configuration XmlConfiguration[location=D:\Debabrata Rout\Eclipse Workplace\MyProjectV001\target\test-classes\log4j2.xml, lastModified=2025-01-18T10:42:22.037Z]...
2025-01-28T02:52:49.339980900Z main INFO Start watching for changes to D:\Debabrata Rout\Eclipse Workplace\MyProjectV001\target\test-classes\log4j2.xml every 0 seconds
2025-01-28T02:52:49.339980900Z main INFO Configuration XmlConfiguration[location=D:\Debabrata Rout\Eclipse Workplace\MyProjectV001\target\test-classes\log4j2.xml, lastModified=2025-01-18T10:42:22.037Z] started.
2025-01-28T02:52:49.342493200Z main INFO Stopping configuration org.apache.logging.log4j.core.config.DefaultConfiguration@66d3eec0...
2025-01-28T02:52:49.342493200Z main INFO Configuration org.apache.logging.log4j.core.config.DefaultConfiguration@66d3eec0 stopped.
08:22:49.803 [main] INFO  testCases.TC001LandingPageLogoTest - ****Open Browser****
08:22:51.663 [main] INFO  testCases.TC001LandingPageLogoTest - ***Delete All Cookies***
08:22:53.392 [main] INFO  testCases.TC001LandingPageLogoTest - ***Launch the URL***
08:22:57.829 [main] INFO  testCases.TC001LandingPageLogoTest - ***Maximize the browser window***
08:22:57.981 [main] INFO  testCases.TC001LandingPageLogoTest - ***Validate the logo***
08:22:58.020 [main] INFO  testCases.TC001LandingPageLogoTest - ***click on the login link***
]]></system-out>
    <system-err><![CDATA[Jan 28, 2025 8:22:51 AM org.openqa.selenium.devtools.CdpVersionFinder findNearestMatch
WARNING: Unable to find CDP implementation matching 132
Jan 28, 2025 8:22:51 AM org.openqa.selenium.chromium.ChromiumDriver lambda$new$5
WARNING: Unable to find version of CDP to use for 132.0.6834.84. You may need to include a dependency on a specific version of the CDP using something similar to `org.seleniumhq.selenium:selenium-devtools-v86:4.23.1` where the version ("v86") matches the version of the chromium-based browser you're using and the version number of the artifact is the same as Selenium's.
]]></system-err>
  </testcase>
  <testcase name="loginTest" classname="testCases.TC002LoginTest" time="9.123">
    <system-out><![CDATA[08:22:59.151 [main] INFO  testCases.TC001LandingPageLogoTest - ***Close the browser***
08:22:59.354 [main] INFO  testCases.TC002LoginTest - ****Open Browser****
08:23:00.395 [main] INFO  testCases.TC002LoginTest - ***Delete All Cookies***
08:23:02.313 [main] INFO  testCases.TC002LoginTest - ***Launch the URL***
08:23:05.568 [main] INFO  testCases.TC002LoginTest - ***Maximize the browser window***
08:23:05.639 [main] INFO  testCases.TC002LoginTest - ***Click on Login link***
08:23:05.841 [main] INFO  testCases.TC002LoginTest - ***Clear user name field***
08:23:05.902 [main] INFO  testCases.TC002LoginTest - ***Add Username***
08:23:05.986 [main] INFO  testCases.TC002LoginTest - ***Clear password field***
08:23:06.033 [main] INFO  testCases.TC002LoginTest - ***Add Password***
08:23:06.096 [main] INFO  testCases.TC002LoginTest - ***Click on Login BTN***
08:23:13.505 [main] INFO  testCases.TC002LoginTest - ***Validate the username in the home page***
Debabrata1
08:23:13.544 [main] INFO  testCases.TC002LoginTest - ***Click on toggle user dropdown***
08:23:13.610 [main] INFO  testCases.TC002LoginTest - ***Click on logout button***
]]></system-out>
    <system-err><![CDATA[Jan 28, 2025 8:23:00 AM org.openqa.selenium.devtools.CdpVersionFinder findNearestMatch
WARNING: Unable to find CDP implementation matching 132
Jan 28, 2025 8:23:00 AM org.openqa.selenium.chromium.ChromiumDriver lambda$new$5
WARNING: Unable to find version of CDP to use for 132.0.6834.84. You may need to include a dependency on a specific version of the CDP using something similar to `org.seleniumhq.selenium:selenium-devtools-v86:4.23.1` where the version ("v86") matches the version of the chromium-based browser you're using and the version number of the artifact is the same as Selenium's.
]]></system-err>
  </testcase>
</testsuite>