<?xml version="1.0" encoding="UTF-8"?>
<testng-results ignored="0" total="2" passed="2" failed="0" skipped="0">
  <reporter-output>
  </reporter-output>
  <suite started-at="2025-01-28T08:22:49 IST" name="Suite" finished-at="2025-01-28T08:23:15 IST" duration-ms="25401">
    <groups>
      <group name="Master">
        <method signature="TC001LandingPageLogoTest.logo_test()[pri:0, instance:testCases.TC001LandingPageLogoTest@478ee483]" name="logo_test" class="testCases.TC001LandingPageLogoTest"/>
        <method signature="TC002LoginTest.loginTest()[pri:0, instance:testCases.TC002LoginTest@68b6f0d6]" name="loginTest" class="testCases.TC002LoginTest"/>
      </group> <!-- Master -->
      <group name="Regression">
        <method signature="TC002LoginTest.loginTest()[pri:0, instance:testCases.TC002LoginTest@68b6f0d6]" name="loginTest" class="testCases.TC002LoginTest"/>
      </group> <!-- Regression -->
      <group name="Saity">
        <method signature="TC001LandingPageLogoTest.logo_test()[pri:0, instance:testCases.TC001LandingPageLogoTest@478ee483]" name="logo_test" class="testCases.TC001LandingPageLogoTest"/>
      </group> <!-- Saity -->
    </groups>
    <test started-at="2025-01-28T08:22:49 IST" name="Test" finished-at="2025-01-28T08:23:15 IST" duration-ms="25401">
      <class name="testCases.TC002LoginTest">
        <test-method is-config="true" signature="setUp(java.lang.String,java.lang.String)[pri:0, instance:testCases.TC002LoginTest@68b6f0d6]" started-at="2025-01-28T08:22:59 IST" name="setUp" finished-at="2025-01-28T08:23:05 IST" duration-ms="6277" status="PASS">
          <params>
            <param index="0">
              <value>
                <![CDATA[window]]>
              </value>
            </param>
            <param index="1">
              <value>
                <![CDATA[chrome]]>
              </value>
            </param>
          </params>
          <reporter-output>
          </reporter-output>
        </test-method> <!-- setUp -->
        <test-method signature="loginTest()[pri:0, instance:testCases.TC002LoginTest@68b6f0d6]" started-at="2025-01-28T08:23:05 IST" name="loginTest" finished-at="2025-01-28T08:23:14 IST" duration-ms="9124" status="PASS">
          <reporter-output>
          </reporter-output>
        </test-method> <!-- loginTest -->
        <test-method is-config="true" signature="tearDown()[pri:0, instance:testCases.TC002LoginTest@68b6f0d6]" started-at="2025-01-28T08:23:14 IST" name="tearDown" finished-at="2025-01-28T08:23:15 IST" duration-ms="245" status="PASS">
          <reporter-output>
          </reporter-output>
        </test-method> <!-- tearDown -->
      </class> <!-- testCases.TC002LoginTest -->
      <class name="testCases.TC001LandingPageLogoTest">
        <test-method is-config="true" signature="setUp(java.lang.String,java.lang.String)[pri:0, instance:testCases.TC001LandingPageLogoTest@478ee483]" started-at="2025-01-28T08:22:49 IST" name="setUp" finished-at="2025-01-28T08:22:57 IST" duration-ms="8084" status="PASS">
          <params>
            <param index="0">
              <value>
                <![CDATA[window]]>
              </value>
            </param>
            <param index="1">
              <value>
                <![CDATA[chrome]]>
              </value>
            </param>
          </params>
          <reporter-output>
          </reporter-output>
        </test-method> <!-- setUp -->
        <test-method signature="logo_test()[pri:0, instance:testCases.TC001LandingPageLogoTest@478ee483]" started-at="2025-01-28T08:22:57 IST" name="logo_test" finished-at="2025-01-28T08:22:59 IST" duration-ms="1242" status="PASS">
          <reporter-output>
          </reporter-output>
        </test-method> <!-- logo_test -->
        <test-method is-config="true" signature="tearDown()[pri:0, instance:testCases.TC001LandingPageLogoTest@478ee483]" started-at="2025-01-28T08:22:59 IST" name="tearDown" finished-at="2025-01-28T08:22:59 IST" duration-ms="199" status="PASS">
          <reporter-output>
          </reporter-output>
        </test-method> <!-- tearDown -->
      </class> <!-- testCases.TC001LandingPageLogoTest -->
    </test> <!-- Test -->
  </suite> <!-- Suite -->
</testng-results>
