<?xml version="1.0" encoding="UTF-8"?>
<testng-results ignored="0" total="2" passed="2" failed="0" skipped="0">
  <reporter-output>
  </reporter-output>
  <suite started-at="2025-01-23T23:17:18 IST" name="Suite" finished-at="2025-01-23T23:17:39 IST" duration-ms="21226">
    <groups>
      <group name="Master">
        <method signature="TC001LandingPageLogoTest.logo_test()[pri:0, instance:testCases.TC001LandingPageLogoTest@1a45193b]" name="logo_test" class="testCases.TC001LandingPageLogoTest"/>
        <method signature="TC002LoginTest.loginTest()[pri:0, instance:testCases.TC002LoginTest@85e6769]" name="loginTest" class="testCases.TC002LoginTest"/>
      </group> <!-- Master -->
      <group name="Regression">
        <method signature="TC002LoginTest.loginTest()[pri:0, instance:testCases.TC002LoginTest@85e6769]" name="loginTest" class="testCases.TC002LoginTest"/>
      </group> <!-- Regression -->
      <group name="Saity">
        <method signature="TC001LandingPageLogoTest.logo_test()[pri:0, instance:testCases.TC001LandingPageLogoTest@1a45193b]" name="logo_test" class="testCases.TC001LandingPageLogoTest"/>
      </group> <!-- Saity -->
    </groups>
    <test started-at="2025-01-23T23:17:18 IST" name="Test" finished-at="2025-01-23T23:17:39 IST" duration-ms="21226">
      <class name="testCases.TC002LoginTest">
        <test-method is-config="true" signature="setUp(java.lang.String,java.lang.String)[pri:0, instance:testCases.TC002LoginTest@85e6769]" started-at="2025-01-23T23:17:25 IST" name="setUp" finished-at="2025-01-23T23:17:31 IST" duration-ms="5789" status="PASS">
          <params>
            <param index="0">
              <value>
                <![CDATA[window]]>
              </value>
            </param>
            <param index="1">
              <value>
                <![CDATA[chrome]]>
              </value>
            </param>
          </params>
          <reporter-output>
          </reporter-output>
        </test-method> <!-- setUp -->
        <test-method signature="loginTest()[pri:0, instance:testCases.TC002LoginTest@85e6769]" started-at="2025-01-23T23:17:31 IST" name="loginTest" finished-at="2025-01-23T23:17:39 IST" duration-ms="7863" status="PASS">
          <reporter-output>
          </reporter-output>
        </test-method> <!-- loginTest -->
        <test-method is-config="true" signature="tearDown()[pri:0, instance:testCases.TC002LoginTest@85e6769]" started-at="2025-01-23T23:17:39 IST" name="tearDown" finished-at="2025-01-23T23:17:39 IST" duration-ms="173" status="PASS">
          <reporter-output>
          </reporter-output>
        </test-method> <!-- tearDown -->
      </class> <!-- testCases.TC002LoginTest -->
      <class name="testCases.TC001LandingPageLogoTest">
        <test-method is-config="true" signature="setUp(java.lang.String,java.lang.String)[pri:0, instance:testCases.TC001LandingPageLogoTest@1a45193b]" started-at="2025-01-23T23:17:18 IST" name="setUp" finished-at="2025-01-23T23:17:24 IST" duration-ms="5833" status="PASS">
          <params>
            <param index="0">
              <value>
                <![CDATA[window]]>
              </value>
            </param>
            <param index="1">
              <value>
                <![CDATA[chrome]]>
              </value>
            </param>
          </params>
          <reporter-output>
          </reporter-output>
        </test-method> <!-- setUp -->
        <test-method signature="logo_test()[pri:0, instance:testCases.TC001LandingPageLogoTest@1a45193b]" started-at="2025-01-23T23:17:24 IST" name="logo_test" finished-at="2025-01-23T23:17:25 IST" duration-ms="1180" status="PASS">
          <reporter-output>
          </reporter-output>
        </test-method> <!-- logo_test -->
        <test-method is-config="true" signature="tearDown()[pri:0, instance:testCases.TC001LandingPageLogoTest@1a45193b]" started-at="2025-01-23T23:17:25 IST" name="tearDown" finished-at="2025-01-23T23:17:25 IST" duration-ms="165" status="PASS">
          <reporter-output>
          </reporter-output>
        </test-method> <!-- tearDown -->
      </class> <!-- testCases.TC001LandingPageLogoTest -->
    </test> <!-- Test -->
  </suite> <!-- Suite -->
</testng-results>
